app/build/intermediates/manifest_merge_blame_file/debug/manifest-merger-blame-debug-report.txt
1<?xml version="1.0" encoding="utf-8"?>
2<manifest xmlns:android="http://schemas.android.com/apk/res/android"
3    package="com.example.gmax"
4    android:versionCode="7"
5    android:versionName="1.1.7" >
6
7    <uses-sdk
8        android:minSdkVersion="23"
8-->src\main\AndroidManifest.xml
9        android:targetSdkVersion="27" />
9-->src\main\AndroidManifest.xml
10    <!-- WebService 사용시 추가 할 코드 -->
11    <uses-permission android:name="android.permission.INTERNET" />
11-->src\main\AndroidManifest.xml:5:5-67
11-->src\main\AndroidManifest.xml:5:22-64
12    <uses-permission android:name="android.permission.ACCESS_NETWORK_STATE" />
12-->src\main\AndroidManifest.xml:6:5-79
12-->src\main\AndroidManifest.xml:6:22-76
13    <uses-permission android:name="android.permission.ACCESS_WIFI_STATE" />
13-->src\main\AndroidManifest.xml:7:5-76
13-->src\main\AndroidManifest.xml:7:22-73
14    <uses-permission android:name="android.permission.WRITE_EXTERNAL_STORAGE" />
14-->src\main\AndroidManifest.xml:8:5-81
14-->src\main\AndroidManifest.xml:8:22-78
15    <uses-permission android:name="android.permission.READ_EXTERNAL_STORAGE" />
15-->src\main\AndroidManifest.xml:9:5-80
15-->src\main\AndroidManifest.xml:9:22-77
16    <uses-permission android:name="android.permission.CAMERA" />
16-->src\main\AndroidManifest.xml:10:5-65
16-->src\main\AndroidManifest.xml:10:22-62
17    <uses-permission android:name="android.permission.REQUEST_INSTALL_PACKAGES" />
17-->src\main\AndroidManifest.xml:11:5-83
17-->src\main\AndroidManifest.xml:11:22-80
18
19    <!-- Don't require camera, as this requires a rear camera. This allows it to work on the Nexus 7 -->
20    <uses-feature
20-->[com.journeyapps:zxing-android-embedded:3.6.0] AndroidManifest.xml:25:5-27:36
21        android:name="android.hardware.camera"
21-->[com.journeyapps:zxing-android-embedded:3.6.0] AndroidManifest.xml:26:9-47
22        android:required="false" />
22-->[com.journeyapps:zxing-android-embedded:3.6.0] AndroidManifest.xml:27:9-33
23    <uses-feature
23-->[com.journeyapps:zxing-android-embedded:3.6.0] AndroidManifest.xml:28:5-30:36
24        android:name="android.hardware.camera.front"
24-->[com.journeyapps:zxing-android-embedded:3.6.0] AndroidManifest.xml:29:9-53
25        android:required="false" /> <!-- TODO replace above two with next line after Android 4.2 -->
25-->[com.journeyapps:zxing-android-embedded:3.6.0] AndroidManifest.xml:30:9-33
26    <!-- <uses-feature android:name="android.hardware.camera.any"/> -->
27    <uses-feature
27-->[com.journeyapps:zxing-android-embedded:3.6.0] AndroidManifest.xml:33:5-35:36
28        android:name="android.hardware.camera.autofocus"
28-->[com.journeyapps:zxing-android-embedded:3.6.0] AndroidManifest.xml:34:9-57
29        android:required="false" />
29-->[com.journeyapps:zxing-android-embedded:3.6.0] AndroidManifest.xml:35:9-33
30    <uses-feature
30-->[com.journeyapps:zxing-android-embedded:3.6.0] AndroidManifest.xml:36:5-38:36
31        android:name="android.hardware.camera.flash"
31-->[com.journeyapps:zxing-android-embedded:3.6.0] AndroidManifest.xml:37:9-53
32        android:required="false" />
32-->[com.journeyapps:zxing-android-embedded:3.6.0] AndroidManifest.xml:38:9-33
33    <uses-feature
33-->[com.journeyapps:zxing-android-embedded:3.6.0] AndroidManifest.xml:39:5-41:36
34        android:name="android.hardware.screen.landscape"
34-->[com.journeyapps:zxing-android-embedded:3.6.0] AndroidManifest.xml:40:9-57
35        android:required="false" />
35-->[com.journeyapps:zxing-android-embedded:3.6.0] AndroidManifest.xml:41:9-33
36    <uses-feature
36-->[com.journeyapps:zxing-android-embedded:3.6.0] AndroidManifest.xml:42:5-44:36
37        android:name="android.hardware.wifi"
37-->[com.journeyapps:zxing-android-embedded:3.6.0] AndroidManifest.xml:43:9-45
38        android:required="false" />
38-->[com.journeyapps:zxing-android-embedded:3.6.0] AndroidManifest.xml:44:9-33
39
40    <application
40-->src\main\AndroidManifest.xml:13:5-385:19
41        android:name="com.example.gmax.MySession"
41-->src\main\AndroidManifest.xml:14:9-34
42        android:allowBackup="true"
42-->src\main\AndroidManifest.xml:15:9-35
43        android:appComponentFactory="androidx.core.app.CoreComponentFactory"
43-->[androidx.core:core:1.5.0] AndroidManifest.xml:24:18-86
44        android:debuggable="true"
45        android:extractNativeLibs="false"
46        android:icon="@mipmap/ic_launcher"
46-->src\main\AndroidManifest.xml:16:9-43
47        android:label="@string/app_name"
47-->src\main\AndroidManifest.xml:17:9-41
48        android:roundIcon="@mipmap/ic_launcher_round"
48-->src\main\AndroidManifest.xml:18:9-54
49        android:screenOrientation="portrait"
49-->src\main\AndroidManifest.xml:19:9-45
50        android:supportsRtl="true"
50-->src\main\AndroidManifest.xml:20:9-35
51        android:testOnly="true"
52        android:theme="@style/AppGJTheme"
52-->src\main\AndroidManifest.xml:21:9-42
53        android:usesCleartextTraffic="true" >
53-->src\main\AndroidManifest.xml:22:9-44
54        <activity
54-->src\main\AndroidManifest.xml:23:9-31:20
55            android:name="com.example.gmax.dialog_Loading"
55-->src\main\AndroidManifest.xml:24:13-43
56            android:exported="false"
56-->src\main\AndroidManifest.xml:25:13-37
57            android:label="@string/title_activity_loading"
57-->src\main\AndroidManifest.xml:26:13-59
58            android:theme="@style/AppGJTheme.NoActionBar" >
58-->src\main\AndroidManifest.xml:27:13-58
59            <meta-data
59-->src\main\AndroidManifest.xml:28:13-30:36
60                android:name="android.app.lib_name"
60-->src\main\AndroidManifest.xml:29:17-52
61                android:value="" />
61-->src\main\AndroidManifest.xml:30:17-33
62        </activity>
63
64        <provider
65            android:name="androidx.core.content.FileProvider"
65-->src\main\AndroidManifest.xml:34:13-62
66            android:authorities="com.example.gmax.fileprovider"
66-->src\main\AndroidManifest.xml:35:13-64
67            android:exported="false"
67-->src\main\AndroidManifest.xml:36:13-37
68            android:grantUriPermissions="true" >
68-->src\main\AndroidManifest.xml:37:13-47
69            <meta-data
69-->src\main\AndroidManifest.xml:38:13-40:63
70                android:name="android.support.FILE_PROVIDER_PATHS"
70-->src\main\AndroidManifest.xml:39:17-67
71                android:resource="@xml/file_provider_paths" />
71-->src\main\AndroidManifest.xml:40:17-60
72        </provider>
73
74        <activity
74-->src\main\AndroidManifest.xml:43:9-51:20
75            android:name="com.example.gmax.SplashActivity"
75-->src\main\AndroidManifest.xml:44:13-43
76            android:screenOrientation="portrait" >
76-->src\main\AndroidManifest.xml:45:13-49
77            <intent-filter>
77-->src\main\AndroidManifest.xml:46:13-50:29
78                <action android:name="android.intent.action.MAIN" />
78-->src\main\AndroidManifest.xml:47:17-69
78-->src\main\AndroidManifest.xml:47:25-66
79
80                <category android:name="android.intent.category.LAUNCHER" />
80-->src\main\AndroidManifest.xml:49:17-77
80-->src\main\AndroidManifest.xml:49:27-74
81            </intent-filter>
82        </activity>
83        <activity
83-->src\main\AndroidManifest.xml:52:9-55:52
84            android:name="com.example.gmax.ConfigActivity"
84-->src\main\AndroidManifest.xml:53:13-43
85            android:exported="false"
85-->src\main\AndroidManifest.xml:54:13-37
86            android:screenOrientation="portrait" />
86-->src\main\AndroidManifest.xml:55:13-49
87        <activity
87-->src\main\AndroidManifest.xml:56:9-59:52
88            android:name="com.example.gmax.MainActivity"
88-->src\main\AndroidManifest.xml:57:13-41
89            android:exported="true"
89-->src\main\AndroidManifest.xml:58:13-36
90            android:screenOrientation="portrait" />
90-->src\main\AndroidManifest.xml:59:13-49
91        <activity
91-->src\main\AndroidManifest.xml:60:9-63:52
92            android:name="com.example.gmax.RegisterActivity"
92-->src\main\AndroidManifest.xml:61:13-45
93            android:exported="false"
93-->src\main\AndroidManifest.xml:62:13-37
94            android:screenOrientation="portrait" />
94-->src\main\AndroidManifest.xml:63:13-49
95        <activity
95-->src\main\AndroidManifest.xml:64:9-67:52
96            android:name="com.example.gmax.ErrorPopupActivity"
96-->src\main\AndroidManifest.xml:65:13-47
97            android:exported="false"
97-->src\main\AndroidManifest.xml:66:13-37
98            android:screenOrientation="portrait" />
98-->src\main\AndroidManifest.xml:67:13-49
99        <activity
99-->src\main\AndroidManifest.xml:68:9-71:52
100            android:name="com.example.gmax.MenuActivity"
100-->src\main\AndroidManifest.xml:69:13-41
101            android:exported="false"
101-->src\main\AndroidManifest.xml:70:13-37
102            android:screenOrientation="portrait" />
102-->src\main\AndroidManifest.xml:71:13-49
103        <activity
103-->src\main\AndroidManifest.xml:72:9-75:52
104            android:name="com.example.gmax.M10.M10_Activity"
104-->src\main\AndroidManifest.xml:73:13-45
105            android:exported="false"
105-->src\main\AndroidManifest.xml:74:13-37
106            android:screenOrientation="portrait" />
106-->src\main\AndroidManifest.xml:75:13-49
107        <activity
107-->src\main\AndroidManifest.xml:76:9-79:52
108            android:name="com.example.gmax.M10.M11_HDR_Activity"
108-->src\main\AndroidManifest.xml:77:13-49
109            android:exported="false"
109-->src\main\AndroidManifest.xml:78:13-37
110            android:screenOrientation="portrait" />
110-->src\main\AndroidManifest.xml:79:13-49
111        <activity
111-->src\main\AndroidManifest.xml:80:9-83:52
112            android:name="com.example.gmax.M10.M11_DTL_Activity"
112-->src\main\AndroidManifest.xml:81:13-49
113            android:exported="false"
113-->src\main\AndroidManifest.xml:82:13-37
114            android:screenOrientation="portrait" />
114-->src\main\AndroidManifest.xml:83:13-49
115        <activity
115-->src\main\AndroidManifest.xml:84:9-87:52
116            android:name="com.example.gmax.M10.M12_QUERY_Activity"
116-->src\main\AndroidManifest.xml:85:13-51
117            android:exported="false"
117-->src\main\AndroidManifest.xml:86:13-37
118            android:screenOrientation="portrait" />
118-->src\main\AndroidManifest.xml:87:13-49
119        <activity
119-->src\main\AndroidManifest.xml:88:9-92:63
120            android:name="com.example.gmax.M10.M13_DTL_Activity"
120-->src\main\AndroidManifest.xml:89:13-49
121            android:exported="false"
121-->src\main\AndroidManifest.xml:90:13-37
122            android:screenOrientation="portrait"
122-->src\main\AndroidManifest.xml:91:13-49
123            android:windowSoftInputMode="stateAlwaysHidden" /> <!-- 자동으로 키보드 올라오는것 방지(windowSoftInputMode) -->
123-->src\main\AndroidManifest.xml:92:13-60
124        <activity
124-->src\main\AndroidManifest.xml:93:9-97:63
125            android:name="com.example.gmax.M10.M13_LOT_Activity"
125-->src\main\AndroidManifest.xml:94:13-49
126            android:exported="false"
126-->src\main\AndroidManifest.xml:95:13-37
127            android:screenOrientation="portrait"
127-->src\main\AndroidManifest.xml:96:13-49
128            android:windowSoftInputMode="stateAlwaysHidden" /> <!-- 자동으로 키보드 올라오는것 방지(windowSoftInputMode) -->
128-->src\main\AndroidManifest.xml:97:13-60
129        <activity
129-->src\main\AndroidManifest.xml:98:9-101:52
130            android:name="com.example.gmax.M10.M14_QUERY_Activity"
130-->src\main\AndroidManifest.xml:99:13-51
131            android:exported="false"
131-->src\main\AndroidManifest.xml:100:13-37
132            android:screenOrientation="portrait" />
132-->src\main\AndroidManifest.xml:101:13-49
133        <activity
133-->src\main\AndroidManifest.xml:102:9-105:52
134            android:name="com.example.gmax.M20.M20_Activity"
134-->src\main\AndroidManifest.xml:103:13-45
135            android:exported="false"
135-->src\main\AndroidManifest.xml:104:13-37
136            android:screenOrientation="portrait" />
136-->src\main\AndroidManifest.xml:105:13-49
137        <activity
137-->src\main\AndroidManifest.xml:106:9-109:52
138            android:name="com.example.gmax.M20.M21_HDR_Activity"
138-->src\main\AndroidManifest.xml:107:13-49
139            android:exported="false"
139-->src\main\AndroidManifest.xml:108:13-37
140            android:screenOrientation="portrait" />
140-->src\main\AndroidManifest.xml:109:13-49
141        <activity
141-->src\main\AndroidManifest.xml:110:9-113:52
142            android:name="com.example.gmax.M20.M21_DTL_Activity"
142-->src\main\AndroidManifest.xml:111:13-49
143            android:exported="false"
143-->src\main\AndroidManifest.xml:112:13-37
144            android:screenOrientation="portrait" />
144-->src\main\AndroidManifest.xml:113:13-49
145        <activity
145-->src\main\AndroidManifest.xml:114:9-117:52
146            android:name="com.example.gmax.M20.M22_QUERY_Activity"
146-->src\main\AndroidManifest.xml:115:13-51
147            android:exported="false"
147-->src\main\AndroidManifest.xml:116:13-37
148            android:screenOrientation="portrait" />
148-->src\main\AndroidManifest.xml:117:13-49
149        <activity
149-->src\main\AndroidManifest.xml:118:9-121:52
150            android:name="com.example.gmax.M40.M40_Activity"
150-->src\main\AndroidManifest.xml:119:13-45
151            android:exported="false"
151-->src\main\AndroidManifest.xml:120:13-37
152            android:screenOrientation="portrait" />
152-->src\main\AndroidManifest.xml:121:13-49
153        <activity
153-->src\main\AndroidManifest.xml:122:9-126:55
154            android:name="com.example.gmax.M40.M41_DTL_Activity"
154-->src\main\AndroidManifest.xml:123:13-49
155            android:exported="false"
155-->src\main\AndroidManifest.xml:124:13-37
156            android:screenOrientation="portrait"
156-->src\main\AndroidManifest.xml:125:13-49
157            android:windowSoftInputMode="adjustPan" />
157-->src\main\AndroidManifest.xml:126:13-52
158        <activity
158-->src\main\AndroidManifest.xml:127:9-131:55
159            android:name="com.example.gmax.M40.M41_QUERY_Activity"
159-->src\main\AndroidManifest.xml:128:13-51
160            android:exported="false"
160-->src\main\AndroidManifest.xml:129:13-37
161            android:screenOrientation="portrait"
161-->src\main\AndroidManifest.xml:130:13-49
162            android:windowSoftInputMode="adjustPan" />
162-->src\main\AndroidManifest.xml:131:13-52
163        <activity
163-->src\main\AndroidManifest.xml:132:9-136:63
164            android:name="com.example.gmax.M40.M42_DTL_Activity"
164-->src\main\AndroidManifest.xml:133:13-49
165            android:exported="false"
165-->src\main\AndroidManifest.xml:134:13-37
166            android:screenOrientation="portrait"
166-->src\main\AndroidManifest.xml:135:13-49
167            android:windowSoftInputMode="stateAlwaysHidden" />
167-->src\main\AndroidManifest.xml:136:13-60
168        <activity
168-->src\main\AndroidManifest.xml:137:9-140:52
169            android:name="com.example.gmax.M40.M43_QUERY_Activity"
169-->src\main\AndroidManifest.xml:138:13-51
170            android:exported="false"
170-->src\main\AndroidManifest.xml:139:13-37
171            android:screenOrientation="portrait" />
171-->src\main\AndroidManifest.xml:140:13-49
172        <activity
172-->src\main\AndroidManifest.xml:141:9-145:63
173            android:name="com.example.gmax.M40.M43_DTL_Activity"
173-->src\main\AndroidManifest.xml:142:13-49
174            android:exported="false"
174-->src\main\AndroidManifest.xml:143:13-37
175            android:screenOrientation="portrait"
175-->src\main\AndroidManifest.xml:144:13-49
176            android:windowSoftInputMode="stateAlwaysHidden" />
176-->src\main\AndroidManifest.xml:145:13-60
177        <activity
177-->src\main\AndroidManifest.xml:146:9-150:63
178            android:name="com.example.gmax.M40.M44_DTL_Activity"
178-->src\main\AndroidManifest.xml:147:13-49
179            android:exported="false"
179-->src\main\AndroidManifest.xml:148:13-37
180            android:screenOrientation="portrait"
180-->src\main\AndroidManifest.xml:149:13-49
181            android:windowSoftInputMode="stateAlwaysHidden" />
181-->src\main\AndroidManifest.xml:150:13-60
182        <activity
182-->src\main\AndroidManifest.xml:151:9-154:52
183            android:name="com.example.gmax.I10.I10_Activity"
183-->src\main\AndroidManifest.xml:152:13-45
184            android:exported="false"
184-->src\main\AndroidManifest.xml:153:13-37
185            android:screenOrientation="portrait" />
185-->src\main\AndroidManifest.xml:154:13-49
186        <activity
186-->src\main\AndroidManifest.xml:155:9-158:52
187            android:name="com.example.gmax.I10.I11_HDR_Activity"
187-->src\main\AndroidManifest.xml:156:13-49
188            android:exported="false"
188-->src\main\AndroidManifest.xml:157:13-37
189            android:screenOrientation="portrait" />
189-->src\main\AndroidManifest.xml:158:13-49
190        <activity
190-->src\main\AndroidManifest.xml:159:9-162:52
191            android:name="com.example.gmax.I10.I11_DTL_Activity"
191-->src\main\AndroidManifest.xml:160:13-49
192            android:exported="false"
192-->src\main\AndroidManifest.xml:161:13-37
193            android:screenOrientation="portrait" />
193-->src\main\AndroidManifest.xml:162:13-49
194        <activity
194-->src\main\AndroidManifest.xml:163:9-166:52
195            android:name="com.example.gmax.I10.I13_QUERY_Activity"
195-->src\main\AndroidManifest.xml:164:13-51
196            android:exported="false"
196-->src\main\AndroidManifest.xml:165:13-37
197            android:screenOrientation="portrait" />
197-->src\main\AndroidManifest.xml:166:13-49
198        <activity
198-->src\main\AndroidManifest.xml:167:9-170:52
199            android:name="com.example.gmax.I20.I20_Activity"
199-->src\main\AndroidManifest.xml:168:13-45
200            android:exported="false"
200-->src\main\AndroidManifest.xml:169:13-37
201            android:screenOrientation="portrait" />
201-->src\main\AndroidManifest.xml:170:13-49
202        <activity
202-->src\main\AndroidManifest.xml:171:9-174:52
203            android:name="com.example.gmax.I20.I21_HDR_Activity"
203-->src\main\AndroidManifest.xml:172:13-49
204            android:exported="false"
204-->src\main\AndroidManifest.xml:173:13-37
205            android:screenOrientation="portrait" />
205-->src\main\AndroidManifest.xml:174:13-49
206        <activity
206-->src\main\AndroidManifest.xml:175:9-178:52
207            android:name="com.example.gmax.I20.I21_DTL_Activity"
207-->src\main\AndroidManifest.xml:176:13-49
208            android:exported="false"
208-->src\main\AndroidManifest.xml:177:13-37
209            android:screenOrientation="portrait" />
209-->src\main\AndroidManifest.xml:178:13-49
210        <activity
210-->src\main\AndroidManifest.xml:179:9-182:52
211            android:name="com.example.gmax.I20.I22_HDR_Activity"
211-->src\main\AndroidManifest.xml:180:13-49
212            android:exported="false"
212-->src\main\AndroidManifest.xml:181:13-37
213            android:screenOrientation="portrait" />
213-->src\main\AndroidManifest.xml:182:13-49
214        <activity
214-->src\main\AndroidManifest.xml:183:9-186:52
215            android:name="com.example.gmax.I20.I22_DTL_Activity"
215-->src\main\AndroidManifest.xml:184:13-49
216            android:exported="false"
216-->src\main\AndroidManifest.xml:185:13-37
217            android:screenOrientation="portrait" />
217-->src\main\AndroidManifest.xml:186:13-49
218        <activity
218-->src\main\AndroidManifest.xml:187:9-190:52
219            android:name="com.example.gmax.I20.I25_QUERY_Activity"
219-->src\main\AndroidManifest.xml:188:13-51
220            android:exported="false"
220-->src\main\AndroidManifest.xml:189:13-37
221            android:screenOrientation="portrait" />
221-->src\main\AndroidManifest.xml:190:13-49
222        <activity
222-->src\main\AndroidManifest.xml:191:9-194:52
223            android:name="com.example.gmax.I20.I26_HDR_Activity"
223-->src\main\AndroidManifest.xml:192:13-49
224            android:exported="false"
224-->src\main\AndroidManifest.xml:193:13-37
225            android:screenOrientation="portrait" />
225-->src\main\AndroidManifest.xml:194:13-49
226        <activity
226-->src\main\AndroidManifest.xml:195:9-198:52
227            android:name="com.example.gmax.I20.I27_HDR_Activity"
227-->src\main\AndroidManifest.xml:196:13-49
228            android:exported="false"
228-->src\main\AndroidManifest.xml:197:13-37
229            android:screenOrientation="portrait" />
229-->src\main\AndroidManifest.xml:198:13-49
230        <activity
230-->src\main\AndroidManifest.xml:199:9-202:52
231            android:name="com.example.gmax.I20.I27_DTL_Activity"
231-->src\main\AndroidManifest.xml:200:13-49
232            android:exported="false"
232-->src\main\AndroidManifest.xml:201:13-37
233            android:screenOrientation="portrait" />
233-->src\main\AndroidManifest.xml:202:13-49
234        <activity
234-->src\main\AndroidManifest.xml:203:9-206:52
235            android:name="com.example.gmax.I30.I30_Activity"
235-->src\main\AndroidManifest.xml:204:13-45
236            android:exported="false"
236-->src\main\AndroidManifest.xml:205:13-37
237            android:screenOrientation="portrait" />
237-->src\main\AndroidManifest.xml:206:13-49
238        <activity
238-->src\main\AndroidManifest.xml:207:9-210:52
239            android:name="com.example.gmax.I30.I31_HDR_Activity"
239-->src\main\AndroidManifest.xml:208:13-49
240            android:exported="false"
240-->src\main\AndroidManifest.xml:209:13-37
241            android:screenOrientation="portrait" />
241-->src\main\AndroidManifest.xml:210:13-49
242        <activity
242-->src\main\AndroidManifest.xml:211:9-214:52
243            android:name="com.example.gmax.I30.I31_DTL_Activity"
243-->src\main\AndroidManifest.xml:212:13-49
244            android:exported="false"
244-->src\main\AndroidManifest.xml:213:13-37
245            android:screenOrientation="portrait" />
245-->src\main\AndroidManifest.xml:214:13-49
246        <activity
246-->src\main\AndroidManifest.xml:215:9-218:52
247            android:name="com.example.gmax.I30.I34_QUERY_Activity"
247-->src\main\AndroidManifest.xml:216:13-51
248            android:exported="false"
248-->src\main\AndroidManifest.xml:217:13-37
249            android:screenOrientation="portrait" />
249-->src\main\AndroidManifest.xml:218:13-49
250        <activity
250-->src\main\AndroidManifest.xml:219:9-222:52
251            android:name="com.example.gmax.I30.I35_HDR_Activity"
251-->src\main\AndroidManifest.xml:220:13-49
252            android:exported="false"
252-->src\main\AndroidManifest.xml:221:13-37
253            android:screenOrientation="portrait" />
253-->src\main\AndroidManifest.xml:222:13-49
254        <activity
254-->src\main\AndroidManifest.xml:223:9-226:52
255            android:name="com.example.gmax.I30.I35_DTL_Activity"
255-->src\main\AndroidManifest.xml:224:13-49
256            android:exported="false"
256-->src\main\AndroidManifest.xml:225:13-37
257            android:screenOrientation="portrait" />
257-->src\main\AndroidManifest.xml:226:13-49
258        <activity
258-->src\main\AndroidManifest.xml:227:9-230:52
259            android:name="com.example.gmax.I30.I36_QUERY_Activity"
259-->src\main\AndroidManifest.xml:228:13-51
260            android:exported="false"
260-->src\main\AndroidManifest.xml:229:13-37
261            android:screenOrientation="portrait" />
261-->src\main\AndroidManifest.xml:230:13-49
262        <activity
262-->src\main\AndroidManifest.xml:231:9-234:52
263            android:name="com.example.gmax.I30.I37_HDR_Activity"
263-->src\main\AndroidManifest.xml:232:13-49
264            android:exported="false"
264-->src\main\AndroidManifest.xml:233:13-37
265            android:screenOrientation="portrait" />
265-->src\main\AndroidManifest.xml:234:13-49
266        <activity
266-->src\main\AndroidManifest.xml:235:9-238:52
267            android:name="com.example.gmax.I30.I37_DTL_Activity"
267-->src\main\AndroidManifest.xml:236:13-49
268            android:exported="false"
268-->src\main\AndroidManifest.xml:237:13-37
269            android:screenOrientation="portrait" />
269-->src\main\AndroidManifest.xml:238:13-49
270        <activity
270-->src\main\AndroidManifest.xml:239:9-242:52
271            android:name="com.example.gmax.I30.I38_HDR_Activity"
271-->src\main\AndroidManifest.xml:240:13-49
272            android:exported="false"
272-->src\main\AndroidManifest.xml:241:13-37
273            android:screenOrientation="portrait" />
273-->src\main\AndroidManifest.xml:242:13-49
274        <activity
274-->src\main\AndroidManifest.xml:243:9-246:52
275            android:name="com.example.gmax.I30.I38_DTL_Activity"
275-->src\main\AndroidManifest.xml:244:13-49
276            android:exported="false"
276-->src\main\AndroidManifest.xml:245:13-37
277            android:screenOrientation="portrait" />
277-->src\main\AndroidManifest.xml:246:13-49
278        <activity
278-->src\main\AndroidManifest.xml:247:9-250:52
279            android:name="com.example.gmax.I40.I40_Activity"
279-->src\main\AndroidManifest.xml:248:13-45
280            android:exported="false"
280-->src\main\AndroidManifest.xml:249:13-37
281            android:screenOrientation="portrait" />
281-->src\main\AndroidManifest.xml:250:13-49
282        <activity
282-->src\main\AndroidManifest.xml:251:9-254:52
283            android:name="com.example.gmax.I50.I50_Activity"
283-->src\main\AndroidManifest.xml:252:13-45
284            android:exported="false"
284-->src\main\AndroidManifest.xml:253:13-37
285            android:screenOrientation="portrait" />
285-->src\main\AndroidManifest.xml:254:13-49
286        <activity
286-->src\main\AndroidManifest.xml:255:9-258:52
287            android:name="com.example.gmax.I60.I60_Activity"
287-->src\main\AndroidManifest.xml:256:13-45
288            android:exported="false"
288-->src\main\AndroidManifest.xml:257:13-37
289            android:screenOrientation="portrait" />
289-->src\main\AndroidManifest.xml:258:13-49
290        <activity
290-->src\main\AndroidManifest.xml:259:9-262:52
291            android:name="com.example.gmax.I60.I62_HDR_Activity"
291-->src\main\AndroidManifest.xml:260:13-49
292            android:exported="false"
292-->src\main\AndroidManifest.xml:261:13-37
293            android:screenOrientation="portrait" />
293-->src\main\AndroidManifest.xml:262:13-49
294        <activity
294-->src\main\AndroidManifest.xml:263:9-266:52
295            android:name="com.example.gmax.S10.S10_Activity"
295-->src\main\AndroidManifest.xml:264:13-45
296            android:exported="false"
296-->src\main\AndroidManifest.xml:265:13-37
297            android:screenOrientation="portrait" />
297-->src\main\AndroidManifest.xml:266:13-49
298        <activity
298-->src\main\AndroidManifest.xml:267:9-270:52
299            android:name="com.example.gmax.S10.S11_QUERY_Activity"
299-->src\main\AndroidManifest.xml:268:13-51
300            android:exported="false"
300-->src\main\AndroidManifest.xml:269:13-37
301            android:screenOrientation="portrait" />
301-->src\main\AndroidManifest.xml:270:13-49
302        <activity
302-->src\main\AndroidManifest.xml:271:9-274:52
303            android:name="com.example.gmax.S10.S11_DTL_Activity"
303-->src\main\AndroidManifest.xml:272:13-49
304            android:exported="false"
304-->src\main\AndroidManifest.xml:273:13-37
305            android:screenOrientation="portrait" />
305-->src\main\AndroidManifest.xml:274:13-49
306        <activity
306-->src\main\AndroidManifest.xml:275:9-278:52
307            android:name="com.example.gmax.S10.S12_HDR_Activity"
307-->src\main\AndroidManifest.xml:276:13-49
308            android:exported="false"
308-->src\main\AndroidManifest.xml:277:13-37
309            android:screenOrientation="portrait" />
309-->src\main\AndroidManifest.xml:278:13-49
310        <activity
310-->src\main\AndroidManifest.xml:279:9-282:52
311            android:name="com.example.gmax.S10.S12_DTL_Activity"
311-->src\main\AndroidManifest.xml:280:13-49
312            android:exported="false"
312-->src\main\AndroidManifest.xml:281:13-37
313            android:screenOrientation="portrait" />
313-->src\main\AndroidManifest.xml:282:13-49
314        <activity
314-->src\main\AndroidManifest.xml:283:9-287:63
315            android:name="com.example.gmax.S10.S12_PKG_Activity"
315-->src\main\AndroidManifest.xml:284:13-49
316            android:exported="false"
316-->src\main\AndroidManifest.xml:285:13-37
317            android:screenOrientation="portrait"
317-->src\main\AndroidManifest.xml:286:13-49
318            android:windowSoftInputMode="stateAlwaysHidden" /> <!-- 자동으로 키보드 올라오는것 방지(windowSoftInputMode) -->
318-->src\main\AndroidManifest.xml:287:13-60
319        <activity
319-->src\main\AndroidManifest.xml:288:9-291:52
320            android:name="com.example.gmax.S10.S12_LOT_Activity"
320-->src\main\AndroidManifest.xml:289:13-49
321            android:exported="false"
321-->src\main\AndroidManifest.xml:290:13-37
322            android:screenOrientation="portrait" />
322-->src\main\AndroidManifest.xml:291:13-49
323        <activity
323-->src\main\AndroidManifest.xml:292:9-296:63
324            android:name="com.example.gmax.S10.S12_CUSTOM_Activity"
324-->src\main\AndroidManifest.xml:293:13-52
325            android:exported="false"
325-->src\main\AndroidManifest.xml:294:13-37
326            android:screenOrientation="portrait"
326-->src\main\AndroidManifest.xml:295:13-49
327            android:windowSoftInputMode="stateAlwaysHidden" /> <!-- 자동으로 키보드 올라오는것 방지(windowSoftInputMode) -->
327-->src\main\AndroidManifest.xml:296:13-60
328        <activity
328-->src\main\AndroidManifest.xml:297:9-300:52